This is pdfTeX, Version 3.14159265-2.6-1.40.19 (TeX Live 2019/dev/Debian) (preloaded format=latex 2019.3.26)  26 MAR 2019 13:50
entering extended mode
 restricted \write18 enabled.
 %&-line parsing enabled.
**02_Assignment.tex
(./02_Assignment.tex
LaTeX2e <2018-04-01> patch level 5
(/usr/share/texlive/texmf-dist/tex/latex/base/article.cls
Document Class: article 2014/09/29 v1.4h Standard LaTeX document class
(/usr/share/texlive/texmf-dist/tex/latex/base/size10.clo
File: size10.clo 2014/09/29 v1.4h Standard LaTeX file (size option)
)
\c@part=\count80
\c@section=\count81
\c@subsection=\count82
\c@subsubsection=\count83
\c@paragraph=\count84
\c@subparagraph=\count85
\c@figure=\count86
\c@table=\count87
\abovecaptionskip=\skip41
\belowcaptionskip=\skip42
\bibindent=\dimen102
)
(/usr/share/texlive/texmf-dist/tex/latex/enumitem/enumitem.sty
Package: enumitem 2011/09/28 v3.5.2 Customized lists
\enitkv@toks@=\toks14
\labelindent=\skip43
\enit@outerparindent=\dimen103
\enit@toks=\toks15
\enit@inbox=\box26
\enitdp@description=\count88
)
No file 02_Assignment.aux.
\openout1 = `02_Assignment.aux'.

LaTeX Font Info:    Checking defaults for OML/cmm/m/it on input line 8.
LaTeX Font Info:    ... okay on input line 8.
LaTeX Font Info:    Checking defaults for T1/cmr/m/n on input line 8.
LaTeX Font Info:    ... okay on input line 8.
LaTeX Font Info:    Checking defaults for OT1/cmr/m/n on input line 8.
LaTeX Font Info:    ... okay on input line 8.
LaTeX Font Info:    Checking defaults for OMS/cmsy/m/n on input line 8.
LaTeX Font Info:    ... okay on input line 8.
LaTeX Font Info:    Checking defaults for OMX/cmex/m/n on input line 8.
LaTeX Font Info:    ... okay on input line 8.
LaTeX Font Info:    Checking defaults for U/cmr/m/n on input line 8.
LaTeX Font Info:    ... okay on input line 8.

Overfull \hbox (70.0pt too wide) in paragraph at lines 9--9
 | 
 []

! Undefined control sequence.
\@title ...rmatik I -\\ Assignment 1 \theexercise 
                                                  \\ \line (1,0){415}
l.9 \maketitle
              
? 

Overfull \hbox (70.0pt too wide) in paragraph at lines 9--9
 []| 
 []

LaTeX Font Info:    External font `cmex10' loaded for size
(Font)              <12> on input line 9.
LaTeX Font Info:    External font `cmex10' loaded for size
(Font)              <8> on input line 9.
LaTeX Font Info:    External font `cmex10' loaded for size
(Font)              <6> on input line 9.
)
*
(Please type a command or say `\end')
*exit

*
! Interruption.
<*> 
    
? 
(Please type a command or say `\end')
*\end

*`\end'

! LaTeX Error: \begin{document} ended by \end{`}.

See the LaTeX manual or LaTeX Companion for explanation.
Type  H <return>  for immediate help.
 ...                                              
                                                  
<*> `
     \end'
? 
! Emergency stop.
 ...                                              
                                                  
<*> `
     \end'
Your command was ignored.
Type  I <command> <return>  to replace it with another command,
or  <return>  to continue without it.

 
Here is how much of TeX's memory you used:
 499 strings out of 492642
 7156 string characters out of 6131813
 66698 words of memory out of 5000000
 4463 multiletter control sequences out of 15000+600000
 7280 words of font info for 26 fonts, out of 8000000 for 9000
 1141 hyphenation exceptions out of 8191
 23i,6n,18p,142b,189s stack positions out of 5000i,500n,10000p,200000b,80000s
No pages of output.
                                     
l.55 			\item n続
                 = n * n * n; n is divisible by 2, therefore n続 is also div...

? 

! Package inputenc Error: Unicode character 続 (U+B3)
(inputenc)                not set up for use with LaTeX.

See the inputenc package documentation for explanation.
Type  H <return>  for immediate help.
 ...                                              
                                                  
l.55 ... n * n; n is divisible by 2, therefore n続
                                                   is also divisible by 2, m...

? 

! LaTeX Error: \begin{enumerate} on input line 44 ended by \end{enumitem}.

See the LaTeX manual or LaTeX Companion for explanation.
Type  H <return>  for immediate help.
 ...                                              
                                                  
l.60 		\end{enumitem}
                     
? 
[2] (./02_Assignment.aux) ) 
Here is how much of TeX's memory you used:
 527 strings out of 492642
 7527 string characters out of 6131813
 69698 words of memory out of 5000000
 4484 multiletter control sequences out of 15000+600000
 7280 words of font info for 26 fonts, out of 8000000 for 9000
 1141 hyphenation exceptions out of 8191
 23i,6n,19p,214b,289s stack positions out of 5000i,500n,10000p,200000b,80000s

Output written on 02_Assignment.dvi (2 pages, 2996 bytes).
