This is pdfTeX, Version 3.14159265-2.6-1.40.19 (TeX Live 2019/dev/Debian) (preloaded format=latex 2019.3.26)  26 MAR 2019 15:41
entering extended mode
 restricted \write18 enabled.
 %&-line parsing enabled.
**02_Assignment.tex
(./02_Assignment.tex
LaTeX2e <2018-04-01> patch level 5
(/usr/share/texlive/texmf-dist/tex/latex/base/article.cls
Document Class: article 2014/09/29 v1.4h Standard LaTeX document class
(/usr/share/texlive/texmf-dist/tex/latex/base/size10.clo
File: size10.clo 2014/09/29 v1.4h Standard LaTeX file (size option)
)
\c@part=\count80
\c@section=\count81
\c@subsection=\count82
\c@subsubsection=\count83
\c@paragraph=\count84
\c@subparagraph=\count85
\c@figure=\count86
\c@table=\count87
\abovecaptionskip=\skip41
\belowcaptionskip=\skip42
\bibindent=\dimen102
)
(/usr/share/texlive/texmf-dist/tex/latex/enumitem/enumitem.sty
Package: enumitem 2011/09/28 v3.5.2 Customized lists
\enitkv@toks@=\toks14
\labelindent=\skip43
\enit@outerparindent=\dimen103
\enit@toks=\toks15
\enit@inbox=\box26
\enitdp@description=\count88
)
(./02_Assignment.aux)
\openout1 = `02_Assignment.aux'.

LaTeX Font Info:    Checking defaults for OML/cmm/m/it on input line 8.
LaTeX Font Info:    ... okay on input line 8.
LaTeX Font Info:    Checking defaults for T1/cmr/m/n on input line 8.
LaTeX Font Info:    ... okay on input line 8.
LaTeX Font Info:    Checking defaults for OT1/cmr/m/n on input line 8.
LaTeX Font Info:    ... okay on input line 8.
LaTeX Font Info:    Checking defaults for OMS/cmsy/m/n on input line 8.
LaTeX Font Info:    ... okay on input line 8.
LaTeX Font Info:    Checking defaults for OMX/cmex/m/n on input line 8.
LaTeX Font Info:    ... okay on input line 8.
LaTeX Font Info:    Checking defaults for U/cmr/m/n on input line 8.
LaTeX Font Info:    ... okay on input line 8.

Overfull \hbox (70.0pt too wide) in paragraph at lines 9--9
 | 
 []


Overfull \hbox (70.0pt too wide) in paragraph at lines 9--9
 | 
 []

LaTeX Font Info:    External font `cmex10' loaded for size
(Font)              <12> on input line 9.
LaTeX Font Info:    External font `cmex10' loaded for size
(Font)              <8> on input line 9.
LaTeX Font Info:    External font `cmex10' loaded for size
(Font)              <6> on input line 9.
LaTeX Font Info:    External font `cmex10' loaded for size
(Font)              <7> on input line 15.
LaTeX Font Info:    External font `cmex10' loaded for size
(Font)              <5> on input line 15.

Overfull \hbox (16.8884pt too wide) in paragraph at lines 17--18
[]\OT1/cmr/m/n/10 False, ex-am-ple: First row, first col-umn "red cir-cle", x $
\OMS/cmsy/m/n/10 2$\OT1/cmr/m/n/10 V but $\OMS/cmsy/m/n/10 :$\OT1/cmr/m/n/10 Sq
uare(x). 
 []

! Undefined control sequence.
<recently read> \mathbb 
                        
l.28 	\item m $\in$ $\mathbb
                            {N}$, n = -m $\rightarrow$ this way we allways g...

? 
LaTeX Font Info:    Try loading font information for OMS+cmr on input line 31.
(/usr/share/texlive/texmf-dist/tex/latex/base/omscmr.fd
File: omscmr.fd 2014/09/29 v2.5h Standard LaTeX font definitions
)
LaTeX Font Info:    Font shape `OMS/cmr/m/n' in size <10> not available
(Font)              Font shape `OMS/cmsy/m/n' tried instead on input line 31.
 [1

]

! Package inputenc Error: Unicode character ³ (U+B3)
(inputenc)                not set up for use with LaTeX.

See the inputenc package documentation for explanation.
Type  H <return>  for immediate help.
 ...                                              
                                                  
l.55 			\item n³
                 = n * n * n; n is divisible by 2, therefore n³ is also div...

? 

! Package inputenc Error: Unicode character ³ (U+B3)
(inputenc)                not set up for use with LaTeX.

See the inputenc package documentation for explanation.
Type  H <return>  for immediate help.
 ...                                              
                                                  
l.55 ... n * n; n is divisible by 2, therefore n³
                                                   is also divisible by 2, m...

? 

! LaTeX Error: \begin{enumerate} on input line 44 ended by \end{enumitem}.

See the LaTeX manual or LaTeX Companion for explanation.
Type  H <return>  for immediate help.
 ...                                              
                                                  
l.60 		\end{enumitem}
                     
? 
[2] (./02_Assignment.aux) ) 
Here is how much of TeX's memory you used:
 527 strings out of 492642
 7527 string characters out of 6131813
 69698 words of memory out of 5000000
 4484 multiletter control sequences out of 15000+600000
 7280 words of font info for 26 fonts, out of 8000000 for 9000
 1141 hyphenation exceptions out of 8191
 23i,6n,19p,214b,289s stack positions out of 5000i,500n,10000p,200000b,80000s

Output written on 02_Assignment.dvi (2 pages, 2944 bytes).
